<?xml version="1.0" encoding="UTF-8"?>
<!-- Generated by org.testng.reporters.JUnitReportReporter -->
<testsuite hostname="DESKTOP-O9UVPH9" failures="0" tests="1" name="testCases.EbayMouseAction" time="1.856" errors="0" timestamp="2022-10-16T20:18:47 EDT" skipped="0">
  <testcase classname="testCases.EbayMouseAction" name="ebayMouseAction" time="1.856"/>
  <system-out/>
</testsuite> <!-- testCases.EbayMouseAction -->
