<?xml version="1.0" encoding="UTF-8"?>
<!-- Generated by org.testng.reporters.JUnitReportReporter -->
<testsuite hostname="DESKTOP-O9UVPH9" failures="0" tests="1" name="testCases.EbayMouseAction" time="1.587" errors="0" timestamp="2022-10-13T12:13:57 EDT" skipped="0">
  <testcase classname="testCases.EbayMouseAction" name="ebayMouseAction" time="1.587"/>
  <system-out/>
</testsuite> <!-- testCases.EbayMouseAction -->
