<?xml version="1.0" encoding="UTF-8"?>
<!-- Generated by org.testng.reporters.JUnitReportReporter -->
<testsuite hostname="DESKTOP-O9UVPH9" failures="0" tests="1" name="testCases.PracticeWindowHandle" time="5.625" errors="0" timestamp="2022-10-02T22:27:06 EDT" skipped="0">
  <testcase classname="testCases.PracticeWindowHandle" name="WindowsHandlePractice" time="5.625"/>
  <system-out/>
</testsuite> <!-- testCases.PracticeWindowHandle -->
