<?xml version="1.0" encoding="UTF-8"?>
<!-- Generated by org.testng.reporters.JUnitReportReporter -->
<testsuite hostname="DESKTOP-O9UVPH9" failures="0" tests="1" name="testCases.RogersTestCase" time="6.893" errors="0" timestamp="2022-10-13T17:29:03 EDT" skipped="0">
  <testcase classname="testCases.RogersTestCase" name="RogersIphone" time="6.893"/>
  <system-out/>
</testsuite> <!-- testCases.RogersTestCase -->
