<?xml version="1.0" encoding="UTF-8"?>
<!-- Generated by org.testng.reporters.JUnitReportReporter -->
<testsuite hostname="DESKTOP-O9UVPH9" failures="0" tests="1" name="testCases.LoginTestCase" time="7.185" errors="0" timestamp="2022-10-13T12:10:17 EDT" skipped="0">
  <testcase classname="testCases.LoginTestCase" name="login" time="7.185"/>
  <system-out/>
</testsuite> <!-- testCases.LoginTestCase -->
