<?xml version="1.0" encoding="UTF-8"?>
<!-- Generated by org.testng.reporters.JUnitReportReporter -->
<testsuite hostname="DESKTOP-O9UVPH9" failures="0" tests="1" name="testCases.GuruFramePage" time="2.361" errors="0" timestamp="2022-10-13T11:57:34 EDT" skipped="0">
  <testcase classname="testCases.GuruFramePage" name="frameSwitch" time="2.361"/>
  <system-out/>
</testsuite> <!-- testCases.GuruFramePage -->
